TN:
SF:lib/hubspot.module.ts
FN:2,(anonymous_0)
FN:15,(anonymous_1)
FN:32,(anonymous_2)
FN:36,(anonymous_3)
FN:47,(anonymous_4)
FN:60,(anonymous_5)
FN:71,(anonymous_6)
FNF:7
FNH:7
FNDA:2,(anonymous_0)
FNDA:2,(anonymous_1)
FNDA:2,(anonymous_2)
FNDA:2,(anonymous_3)
FNDA:2,(anonymous_4)
FNDA:2,(anonymous_5)
FNDA:1,(anonymous_6)
DA:2,2
DA:3,2
DA:4,2
DA:5,0
DA:6,2
DA:9,2
DA:10,2
DA:11,2
DA:12,2
DA:13,2
DA:14,2
DA:16,2
DA:20,2
DA:33,2
DA:37,2
DA:40,2
DA:48,2
DA:49,1
DA:51,1
DA:52,1
DA:61,2
DA:62,1
DA:68,1
DA:71,1
DA:75,2
DA:76,2
LF:26
LH:25
BRDA:2,0,0,2
BRDA:2,0,1,2
BRDA:2,0,2,2
BRDA:3,1,0,2
BRDA:3,1,1,0
BRDA:3,2,0,0
BRDA:3,2,1,0
BRDA:4,3,0,2
BRDA:4,3,1,0
BRDA:4,4,0,2
BRDA:4,4,1,2
BRDA:5,5,0,0
BRDA:5,5,1,0
BRDA:5,6,0,0
BRDA:5,6,1,0
BRDA:5,7,0,0
BRDA:5,7,1,0
BRDA:5,8,0,0
BRDA:5,8,1,0
BRDA:6,9,0,2
BRDA:6,9,1,0
BRDA:6,9,2,0
BRDA:48,10,0,1
BRDA:48,10,1,1
BRDA:48,11,0,2
BRDA:48,11,1,2
BRDA:61,12,0,1
BRDA:61,12,1,1
BRDA:63,13,0,1
BRDA:63,13,1,1
BRDA:69,14,0,1
BRDA:69,14,1,1
BRF:32
BRH:18
end_of_record
TN:
SF:lib/constants/hubspot-client.constant.ts
FNF:0
FNH:0
DA:2,2
DA:3,2
DA:4,2
DA:5,2
LF:4
LH:4
BRF:0
BRH:0
end_of_record
TN:
SF:lib/constants/hubspot-module-options.constant.ts
FNF:0
FNH:0
DA:2,2
DA:3,2
DA:4,2
LF:3
LH:3
BRF:0
BRH:0
end_of_record
TN:
SF:lib/constants/index.ts
FN:2,(anonymous_0)
FN:6,(anonymous_1)
FN:9,(anonymous_2)
FN:13,(anonymous_3)
FNF:4
FNH:3
FNDA:6,(anonymous_0)
FNDA:14,(anonymous_1)
FNDA:0,(anonymous_2)
FNDA:4,(anonymous_3)
DA:2,2
DA:3,6
DA:4,6
DA:5,6
DA:6,14
DA:8,6
DA:10,0
DA:11,0
DA:13,2
DA:14,6
DA:16,2
DA:17,2
DA:18,2
LF:13
LH:11
BRDA:2,0,0,2
BRDA:2,0,1,2
BRDA:2,0,2,2
BRDA:2,1,0,2
BRDA:2,1,1,0
BRDA:3,2,0,6
BRDA:3,2,1,0
BRDA:5,3,0,6
BRDA:5,3,1,0
BRDA:5,4,0,6
BRDA:5,4,1,6
BRDA:5,5,0,0
BRDA:5,5,1,6
BRDA:5,6,0,6
BRDA:5,6,1,0
BRDA:10,7,0,0
BRDA:10,7,1,0
BRDA:13,8,0,2
BRDA:13,8,1,2
BRDA:13,8,2,2
BRDA:14,9,0,6
BRDA:14,9,1,0
BRDA:14,10,0,6
BRDA:14,10,1,6
BRF:24
BRH:16
end_of_record
TN:
SF:lib/decorators/inject-hubspot.decorator.ts
FN:6,InjectHubspot
FNF:1
FNH:1
FNDA:1,InjectHubspot
DA:2,1
DA:3,1
DA:4,1
DA:5,1
DA:7,1
LF:5
LH:5
BRF:0
BRH:0
end_of_record
